生成启动时间为 2015/1/8 12:04:56。
     1>项目“C:\Users\Eric\Desktop\text\2013302820杨东泽\buch\buch\buch.vcxproj”在节点 2 上(build 个目标)。
     1>InitializeBuildStatus:
         正在创建“Debug\buch.unsuccessfulbuild”，因为已指定“AlwaysCreate”。
       ClCompile:
         d:\MVS2010\VC\bin\CL.exe /c /ZI /nologo /W3 /WX- /Od /Oy- /D WIN32 /D _DEBUG /D _CONSOLE /D _UNICODE /D UNICODE /Gm /EHsc /RTC1 /MDd /GS /fp:precise /Zc:wchar_t /Zc:forScope /Yc"StdAfx.h" /Fp"Debug\buch.pch" /Fo"Debug\\" /Fd"Debug\vc100.pdb" /Gd /TP /analyze- /errorReport:prompt stdafx.cpp
         stdafx.cpp
         d:\MVS2010\VC\bin\CL.exe /c /ZI /nologo /W3 /WX- /Od /Oy- /D WIN32 /D _DEBUG /D _CONSOLE /D _UNICODE /D UNICODE /Gm /EHsc /RTC1 /MDd /GS /fp:precise /Zc:wchar_t /Zc:forScope /Yu"StdAfx.h" /Fp"Debug\buch.pch" /Fo"Debug\\" /Fd"Debug\vc100.pdb" /Gd /TP /analyze- /errorReport:prompt buch.cpp
         buch.cpp
       ManifestResourceCompile:
         C:\Program Files (x86)\Microsoft SDKs\Windows\v7.0A\bin\rc.exe /nologo /fo"Debug\buch.exe.embed.manifest.res" Debug\buch_manifest.rc 
       Link:
         d:\MVS2010\VC\bin\link.exe /ERRORREPORT:PROMPT /OUT:"C:\Users\Eric\Desktop\text\2013302820杨东泽\buch\Debug\buch.exe" /INCREMENTAL /NOLOGO kernel32.lib user32.lib gdi32.lib winspool.lib comdlg32.lib advapi32.lib shell32.lib ole32.lib oleaut32.lib uuid.lib odbc32.lib odbccp32.lib /MANIFEST /ManifestFile:"Debug\buch.exe.intermediate.manifest" /MANIFESTUAC:"level='asInvoker' uiAccess='false'" /DEBUG /PDB:"C:\Users\Eric\Desktop\text\2013302820杨东泽\buch\Debug\buch.pdb" /SUBSYSTEM:CONSOLE /TLBID:1 /DYNAMICBASE /NXCOMPAT /IMPLIB:"C:\Users\Eric\Desktop\text\2013302820杨东泽\buch\Debug\buch.lib" /MACHINE:X86 Debug\buch.exe.embed.manifest.res
         Debug\buch.obj
         Debug\stdafx.obj
       Manifest:
         C:\Program Files (x86)\Microsoft SDKs\Windows\v7.0A\bin\mt.exe /nologo /verbose /out:"Debug\buch.exe.embed.manifest" /manifest Debug\buch.exe.intermediate.manifest
         所有输出均为最新。
       LinkEmbedManifest:
         所有输出均为最新。
         buch.vcxproj -> C:\Users\Eric\Desktop\text\2013302820杨东泽\buch\Debug\buch.exe
       FinalizeBuildStatus:
         正在删除文件“Debug\buch.unsuccessfulbuild”。
         正在对“Debug\buch.lastbuildstate”执行 Touch 任务。
     1>已完成生成项目“C:\Users\Eric\Desktop\text\2013302820杨东泽\buch\buch\buch.vcxproj”(build 个目标)的操作。

生成成功。

已用时间 00:00:02.28
